0 info it worked if it ends with ok
1 verbose cli [ 'node', '/usr/local/bin/npm', 'start' ]
2 info using npm@1.1.43
3 info using node@v0.8.3
4 verbose config file /Users/psteeleidem/.npmrc
5 verbose config file /usr/local/etc/npmrc
6 verbose config file /usr/local/lib/node_modules/npm/npmrc
7 verbose read json /Users/psteeleidem/development/github/raptorjs/raptorjs.github.com/src/package.json
8 error Error: Invalid name: "docs/main"
8 error     at validName (/usr/local/lib/node_modules/npm/node_modules/read-package-json/read-json.js:499:40)
8 error     at final (/usr/local/lib/node_modules/npm/node_modules/read-package-json/read-json.js:283:27)
8 error     at /usr/local/lib/node_modules/npm/node_modules/read-package-json/read-json.js:115:33
8 error     at cb (/usr/local/lib/node_modules/npm/node_modules/slide/lib/async-map.js:48:11)
8 error     at /usr/local/lib/node_modules/npm/node_modules/read-package-json/read-json.js:229:59
8 error     at Glob.<anonymous> (/usr/local/lib/node_modules/npm/node_modules/glob/glob.js:92:7)
8 error     at Glob.EventEmitter.emit (events.js:88:17)
8 error     at Glob.emitMatch (/usr/local/lib/node_modules/npm/node_modules/glob/glob.js:252:10)
8 error     at Glob._finish (/usr/local/lib/node_modules/npm/node_modules/glob/glob.js:215:8)
8 error     at Glob.<anonymous> (/usr/local/lib/node_modules/npm/node_modules/glob/glob.js:160:27)
9 error If you need help, you may report this log at:
9 error     <http://github.com/isaacs/npm/issues>
9 error or email it to:
9 error     <npm-@googlegroups.com>
10 error System Darwin 10.8.0
11 error command "node" "/usr/local/bin/npm" "start"
12 error cwd /Users/psteeleidem/development/github/raptorjs/raptorjs.github.com/src
13 error node -v v0.8.3
14 error npm -v 1.1.43
15 verbose exit [ 1, true ]
